<?xml version="1.0" encoding="UTF-8"?>
<!-- Generated by org.testng.reporters.JUnitReportReporter -->
<testsuite hostname="Bipinkumar-MacBook-Pro.local" failures="0" tests="3" name="testcases.OpenAccountTest" time="39.622" errors="0" timestamp="2025-01-27T00:27:05 IST" skipped="0">
  <testcase classname="testcases.OpenAccountTest" name="openAccountTest" time="30.135"/>
  <testcase classname="testcases.OpenAccountTest" name="openAccountTest" time="4.366"/>
  <testcase classname="testcases.OpenAccountTest" name="openAccountTest" time="5.121"/>
</testsuite> <!-- testcases.OpenAccountTest -->
