<?xml version="1.0" encoding="UTF-8"?>
<!-- Generated by org.testng.reporters.JUnitReportReporter -->
<testsuite hostname="Bipinkumar-MacBook-Pro.local" failures="0" tests="3" name="testcases.OpenAccountTest" time="71.313" errors="0" timestamp="2025-01-27T22:54:58 IST" skipped="0">
  <testcase classname="testcases.OpenAccountTest" name="openAccountTest" time="59.286"/>
  <testcase classname="testcases.OpenAccountTest" name="openAccountTest" time="7.670"/>
  <testcase classname="testcases.OpenAccountTest" name="openAccountTest" time="4.357"/>
</testsuite> <!-- testcases.OpenAccountTest -->
