<?xml version="1.0" encoding="UTF-8"?>
<!-- Generated by org.testng.reporters.JUnitReportReporter -->
<testsuite hostname="Bipinkumar-MacBook-Pro.local" failures="0" tests="4" name="testcases.AddCustomerTest" time="75.397" errors="0" timestamp="2025-01-27T22:54:58 IST" skipped="0">
  <testcase classname="testcases.AddCustomerTest" name="addCustomerTest" time="59.794"/>
  <testcase classname="testcases.AddCustomerTest" name="addCustomerTest" time="5.275"/>
  <testcase classname="testcases.AddCustomerTest" name="addCustomerTest" time="5.694"/>
  <testcase classname="testcases.AddCustomerTest" name="addCustomerTest" time="4.634"/>
</testsuite> <!-- testcases.AddCustomerTest -->
