<?xml version="1.0" encoding="UTF-8"?>
<!-- Generated by org.testng.reporters.JUnitReportReporter -->
<testsuite hostname="Bipinkumar-MacBook-Pro.local" failures="0" tests="1" name="testcases.BankManagerLoginTest" time="4.712" errors="0" timestamp="2025-01-27T00:27:05 IST" skipped="0">
  <testcase classname="testcases.BankManagerLoginTest" name="LoginAsBankManager" time="4.712"/>
</testsuite> <!-- testcases.BankManagerLoginTest -->
