<?xml version="1.0" encoding="UTF-8"?>
<!-- Generated by org.testng.reporters.JUnitReportReporter -->
<testsuite hostname="Bipinkumar-MacBook-Pro.local" failures="0" tests="1" name="testcases.BankManagerLoginTest" time="6.011" errors="0" timestamp="2025-01-27T22:54:58 IST" skipped="0">
  <testcase classname="testcases.BankManagerLoginTest" name="LoginAsBankManager" time="6.011"/>
</testsuite> <!-- testcases.BankManagerLoginTest -->
