<?xml version="1.0" encoding="UTF-8"?>
<!-- Generated by org.testng.reporters.JUnitReportReporter -->
<testsuite hostname="192.168.1.5" failures="0" tests="3" name="testcases.LoginTest" time="14.421" errors="0" timestamp="2025-01-24T23:33:51 IST" skipped="0">
  <testcase classname="testcases.LoginTest" name="doLogin" time="2.297"/>
  <testcase classname="testcases.LoginTest" name="doGmailLogin" time="5.138"/>
  <testcase classname="testcases.LoginTest" name="doClick" time="6.986"/>
</testsuite> <!-- testcases.LoginTest -->
