<?xml version="1.0" encoding="UTF-8"?>
<!-- Generated by org.testng.reporters.JUnitReportReporter -->
<testsuite hostname="Bipinkumar-MacBook-Pro.local" failures="0" tests="4" name="testcases.AddCustomerTest" time="44.429" errors="0" timestamp="2025-01-27T00:27:05 IST" skipped="0">
  <testcase classname="testcases.AddCustomerTest" name="addCustomerTest" time="5.113"/>
  <testcase classname="testcases.AddCustomerTest" name="addCustomerTest" time="4.121"/>
  <testcase classname="testcases.AddCustomerTest" name="addCustomerTest" time="4.150"/>
  <testcase classname="testcases.AddCustomerTest" name="addCustomerTest" time="31.045"/>
</testsuite> <!-- testcases.AddCustomerTest -->
