<?xml version="1.0" encoding="UTF-8"?>
<!-- Generated by org.testng.reporters.JUnitReportReporter -->
<testsuite hostname="192.168.1.5" failures="0" tests="1" name="testcases.UserRegTest" time="6.253" errors="0" timestamp="2025-01-24T23:33:51 IST" skipped="0">
  <testcase classname="testcases.UserRegTest" name="doFillForm" time="6.253"/>
</testsuite> <!-- testcases.UserRegTest -->
